0 info it worked if it ends with ok
1 verbose cli [ '/home/don/.nvm/versions/node/v6.2.0/bin/node',
1 verbose cli   '/home/don/.nvm/versions/node/v6.2.0/bin/npm',
1 verbose cli   'start' ]
2 info using npm@3.8.9
3 info using node@v6.2.0
4 verbose run-script [ 'prestart', 'start', 'poststart' ]
5 info lifecycle db-web@1.0.0~prestart: db-web@1.0.0
6 silly lifecycle db-web@1.0.0~prestart: no script for prestart, continuing
7 info lifecycle db-web@1.0.0~start: db-web@1.0.0
8 verbose lifecycle db-web@1.0.0~start: unsafe-perm in lifecycle true
9 verbose lifecycle db-web@1.0.0~start: PATH: /home/don/.nvm/versions/node/v6.2.0/lib/node_modules/npm/bin/node-gyp-bin:/home/don/eda/tutorials/db-web/node_modules/.bin:/home/don/.nvm/versions/node/v6.2.0/bin:/home/don/.nvm/versions/node/v6.2.0/bin:/home/don/.pyenv/shims:/home/don/.pyenv/bin:/usr/local/bin:/usr/bin:/bin:/usr/local/games:/usr/games:/usr/local/lib/google_appengine:/usr/local/opt/go/bin:/home/don/Projects/go/bin
10 verbose lifecycle db-web@1.0.0~start: CWD: /home/don/eda/tutorials/db-web
11 silly lifecycle db-web@1.0.0~start: Args: [ '-c', 'node index.js' ]
12 silly lifecycle db-web@1.0.0~start: Returned: code: 1  signal: null
13 info lifecycle db-web@1.0.0~start: Failed to exec start script
14 verbose stack Error: db-web@1.0.0 start: `node index.js`
14 verbose stack Exit status 1
14 verbose stack     at EventEmitter.<anonymous> (/home/don/.nvm/versions/node/v6.2.0/lib/node_modules/npm/lib/utils/lifecycle.js:245:16)
14 verbose stack     at emitTwo (events.js:106:13)
14 verbose stack     at EventEmitter.emit (events.js:191:7)
14 verbose stack     at ChildProcess.<anonymous> (/home/don/.nvm/versions/node/v6.2.0/lib/node_modules/npm/lib/utils/spawn.js:24:14)
14 verbose stack     at emitTwo (events.js:106:13)
14 verbose stack     at ChildProcess.emit (events.js:191:7)
14 verbose stack     at maybeClose (internal/child_process.js:850:16)
14 verbose stack     at Process.ChildProcess._handle.onexit (internal/child_process.js:215:5)
15 verbose pkgid db-web@1.0.0
16 verbose cwd /home/don/eda/tutorials/db-web
17 error Linux 3.16.0-4-amd64
18 error argv "/home/don/.nvm/versions/node/v6.2.0/bin/node" "/home/don/.nvm/versions/node/v6.2.0/bin/npm" "start"
19 error node v6.2.0
20 error npm  v3.8.9
21 error code ELIFECYCLE
22 error db-web@1.0.0 start: `node index.js`
22 error Exit status 1
23 error Failed at the db-web@1.0.0 start script 'node index.js'.
23 error Make sure you have the latest version of node.js and npm installed.
23 error If you do, this is most likely a problem with the db-web package,
23 error not with npm itself.
23 error Tell the author that this fails on your system:
23 error     node index.js
23 error You can get information on how to open an issue for this project with:
23 error     npm bugs db-web
23 error Or if that isn't available, you can get their info via:
23 error     npm owner ls db-web
23 error There is likely additional logging output above.
24 verbose exit [ 1, true ]
